[0.019s] Invoking command in '/home/ahmedtk/dev_ws/src/articubot_one/build/articubot_one': CMAKE_PREFIX_PATH=/opt/ros/foxy:${CMAKE_PREFIX_PATH} /usr/bin/cmake /home/ahmedtk/dev_ws/src/articubot_one -DAMENT_CMAKE_SYMLINK_INSTALL=1 -DCMAKE_INSTALL_PREFIX=/home/ahmedtk/dev_ws/src/articubot_one/install/articubot_one
[0.110s] -- The C compiler identification is GNU 9.4.0
[0.192s] -- The CXX compiler identification is GNU 9.4.0
[0.202s] -- Check for working C compiler: /usr/bin/cc
[0.289s] -- Check for working C compiler: /usr/bin/cc -- works
[0.290s] -- Detecting C compiler ABI info
[0.392s] -- Detecting C compiler ABI info - done
[0.409s] -- Detecting C compile features
[0.409s] -- Detecting C compile features - done
[0.411s] -- Check for working CXX compiler: /usr/bin/c++
[0.517s] -- Check for working CXX compiler: /usr/bin/c++ -- works
[0.519s] -- Detecting CXX compiler ABI info
[0.641s] -- Detecting CXX compiler ABI info - done
[0.657s] -- Detecting CXX compile features
[0.658s] -- Detecting CXX compile features - done
[0.659s] -- Found ament_cmake: 0.9.11 (/opt/ros/foxy/share/ament_cmake/cmake)
[0.699s] -- Found PythonInterp: /usr/bin/python3 (found suitable version "3.8.10", minimum required is "3") 
[0.700s] -- Using PYTHON_EXECUTABLE: /usr/bin/python3
[0.899s] -- Override CMake install command with custom implementation using symlinks instead of copying resources
[0.924s] -- Found ament_lint_auto: 0.9.8 (/opt/ros/foxy/share/ament_lint_auto/cmake)
[1.007s] -- Added test 'copyright' to check source files copyright and LICENSE
[1.012s] -- Added test 'cppcheck' to perform static code analysis on C / C++ code
[1.012s] -- Configured cppcheck include dirs: 
[1.013s] -- Configured cppcheck exclude dirs and/or files: 
[1.017s] -- Added test 'cpplint' to check C / C++ code against the Google style
[1.017s] -- Configured cpplint exclude dirs and/or files: 
[1.018s] -- Added test 'flake8' to check Python code syntax and style conventions
[1.020s] -- Added test 'lint_cmake' to check CMake code style
[1.020s] -- Added test 'pep257' to check Python code against some of the style conventions in PEP 257
[1.026s] -- Added test 'uncrustify' to check C / C++ code style
[1.026s] -- Configured uncrustify additional arguments: 
[1.027s] -- Added test 'xmllint' to check XML markup files
[1.029s] -- Configuring done
[1.031s] -- Generating done
[1.032s] -- Build files have been written to: /home/ahmedtk/dev_ws/src/articubot_one/build/articubot_one
[1.036s] Invoked command in '/home/ahmedtk/dev_ws/src/articubot_one/build/articubot_one' returned '0': CMAKE_PREFIX_PATH=/opt/ros/foxy:${CMAKE_PREFIX_PATH} /usr/bin/cmake /home/ahmedtk/dev_ws/src/articubot_one -DAMENT_CMAKE_SYMLINK_INSTALL=1 -DCMAKE_INSTALL_PREFIX=/home/ahmedtk/dev_ws/src/articubot_one/install/articubot_one
[1.040s] Invoking command in '/home/ahmedtk/dev_ws/src/articubot_one/build/articubot_one': CMAKE_PREFIX_PATH=/opt/ros/foxy:${CMAKE_PREFIX_PATH} /usr/bin/cmake --build /home/ahmedtk/dev_ws/src/articubot_one/build/articubot_one -- -j8 -l8
[1.094s] Invoked command in '/home/ahmedtk/dev_ws/src/articubot_one/build/articubot_one' returned '0': CMAKE_PREFIX_PATH=/opt/ros/foxy:${CMAKE_PREFIX_PATH} /usr/bin/cmake --build /home/ahmedtk/dev_ws/src/articubot_one/build/articubot_one -- -j8 -l8
[1.147s] Invoking command in '/home/ahmedtk/dev_ws/src/articubot_one/build/articubot_one': CMAKE_PREFIX_PATH=/opt/ros/foxy:${CMAKE_PREFIX_PATH} /usr/bin/cmake --install /home/ahmedtk/dev_ws/src/articubot_one/build/articubot_one
[1.158s] -- Install configuration: ""
[1.158s] -- Execute custom install script
[1.158s] -- Symlinking: /home/ahmedtk/dev_ws/src/articubot_one/install/articubot_one/share/articubot_one/config/empty.yaml
[1.175s] -- Symlinking: /home/ahmedtk/dev_ws/src/articubot_one/install/articubot_one/share/articubot_one/description/robot.urdf.xacro
[1.184s] -- Symlinking: /home/ahmedtk/dev_ws/src/articubot_one/install/articubot_one/share/articubot_one/description/robot_core.xacro
[1.193s] -- Symlinking: /home/ahmedtk/dev_ws/src/articubot_one/install/articubot_one/share/articubot_one/launch/rsp.launch.py
[1.202s] -- Symlinking: /home/ahmedtk/dev_ws/src/articubot_one/install/articubot_one/share/articubot_one/worlds/empty.world
[1.211s] -- Symlinking: /home/ahmedtk/dev_ws/src/articubot_one/install/articubot_one/share/ament_index/resource_index/package_run_dependencies/articubot_one
[1.221s] -- Symlinking: /home/ahmedtk/dev_ws/src/articubot_one/install/articubot_one/share/ament_index/resource_index/parent_prefix_path/articubot_one
[1.230s] -- Symlinking: /home/ahmedtk/dev_ws/src/articubot_one/install/articubot_one/share/articubot_one/environment/ament_prefix_path.sh
[1.240s] -- Symlinking: /home/ahmedtk/dev_ws/src/articubot_one/install/articubot_one/share/articubot_one/environment/ament_prefix_path.dsv
[1.248s] -- Symlinking: /home/ahmedtk/dev_ws/src/articubot_one/install/articubot_one/share/articubot_one/environment/path.sh
[1.257s] -- Symlinking: /home/ahmedtk/dev_ws/src/articubot_one/install/articubot_one/share/articubot_one/environment/path.dsv
[1.266s] -- Symlinking: /home/ahmedtk/dev_ws/src/articubot_one/install/articubot_one/share/articubot_one/local_setup.bash
[1.276s] -- Symlinking: /home/ahmedtk/dev_ws/src/articubot_one/install/articubot_one/share/articubot_one/local_setup.sh
[1.285s] -- Symlinking: /home/ahmedtk/dev_ws/src/articubot_one/install/articubot_one/share/articubot_one/local_setup.zsh
[1.295s] -- Symlinking: /home/ahmedtk/dev_ws/src/articubot_one/install/articubot_one/share/articubot_one/local_setup.dsv
[1.303s] -- Symlinking: /home/ahmedtk/dev_ws/src/articubot_one/install/articubot_one/share/articubot_one/package.dsv
[1.314s] -- Symlinking: /home/ahmedtk/dev_ws/src/articubot_one/install/articubot_one/share/ament_index/resource_index/packages/articubot_one
[1.327s] -- Symlinking: /home/ahmedtk/dev_ws/src/articubot_one/install/articubot_one/share/articubot_one/cmake/articubot_oneConfig.cmake
[1.339s] -- Symlinking: /home/ahmedtk/dev_ws/src/articubot_one/install/articubot_one/share/articubot_one/cmake/articubot_oneConfig-version.cmake
[1.347s] -- Symlinking: /home/ahmedtk/dev_ws/src/articubot_one/install/articubot_one/share/articubot_one/package.xml
[1.359s] Invoked command in '/home/ahmedtk/dev_ws/src/articubot_one/build/articubot_one' returned '0': CMAKE_PREFIX_PATH=/opt/ros/foxy:${CMAKE_PREFIX_PATH} /usr/bin/cmake --install /home/ahmedtk/dev_ws/src/articubot_one/build/articubot_one
